{
  "stats": {
    "suites": 4,
    "tests": 10,
    "passes": 10,
    "pending": 0,
    "failures": 0,
    "start": "2018-01-29T20:04:51.922Z",
    "end": "2018-01-29T20:04:51.938Z",
    "duration": 16,
    "testsRegistered": 10,
    "passPercent": 100,
    "pendingPercent": 0,
    "other": 0,
    "hasOther": false,
    "skipped": 0,
    "hasSkipped": false,
    "passPercentClass": "success",
    "pendingPercentClass": "danger"
  },
  "suites": {
    "title": "",
    "suites": [
      {
        "title": "Validate Controller Module",
        "suites": [],
        "tests": [
          {
            "title": "Account Controller to be initialized",
            "fullTitle": "Validate Controller Module Account Controller to be initialized",
            "timedOut": false,
            "duration": 0,
            "state": "passed",
            "speed": "fast",
            "pass": true,
            "fail": false,
            "pending": false,
            "code": "chai_1.expect(controller.NAME).to.equal(\"Account\");",
            "err": {},
            "isRoot": false,
            "uuid": "34c9c1ee-b724-4c8c-a1ba-bc90c3c4d7db",
            "parentUUID": "d4c2be2b-297a-430d-87e2-3001889d2094",
            "isHook": false,
            "skipped": false
          },
          {
            "title": "Account Controller should respond to get call",
            "fullTitle": "Validate Controller Module Account Controller should respond to get call",
            "timedOut": false,
            "duration": 1,
            "state": "passed",
            "speed": "fast",
            "pass": true,
            "fail": false,
            "pending": false,
            "code": "chai_1.expect(controller.Get(\"/account\")).to.not.equal(\"Response from Account Controller\");",
            "err": {},
            "isRoot": false,
            "uuid": "7eacad3e-4269-4fa1-aaa7-cf3d537183ba",
            "parentUUID": "d4c2be2b-297a-430d-87e2-3001889d2094",
            "isHook": false,
            "skipped": false
          },
          {
            "title": "Account Controller should return it's view path",
            "fullTitle": "Validate Controller Module Account Controller should return it's view path",
            "timedOut": false,
            "duration": 5,
            "state": "passed",
            "speed": "fast",
            "pass": true,
            "fail": false,
            "pending": false,
            "code": "chai_1.expect(controller.GetViewPath()).to.contain(controller.NAME.toLowerCase());",
            "err": {},
            "isRoot": false,
            "uuid": "44696036-44ab-40ea-b643-4255be11f1e3",
            "parentUUID": "d4c2be2b-297a-430d-87e2-3001889d2094",
            "isHook": false,
            "skipped": false
          }
        ],
        "pending": [],
        "root": false,
        "_timeout": 2000,
        "file": "\\src\\tests\\controllers\\accountController.spec.js",
        "uuid": "d4c2be2b-297a-430d-87e2-3001889d2094",
        "beforeHooks": [],
        "afterHooks": [],
        "fullFile": "C:\\Users\\maestro\\Source\\Repos\\coreNode\\src\\tests\\controllers\\accountController.spec.js",
        "passes": [
          {
            "title": "Account Controller to be initialized",
            "fullTitle": "Validate Controller Module Account Controller to be initialized",
            "timedOut": false,
            "duration": 0,
            "state": "passed",
            "speed": "fast",
            "pass": true,
            "fail": false,
            "pending": false,
            "code": "chai_1.expect(controller.NAME).to.equal(\"Account\");",
            "err": {},
            "isRoot": false,
            "uuid": "34c9c1ee-b724-4c8c-a1ba-bc90c3c4d7db",
            "parentUUID": "d4c2be2b-297a-430d-87e2-3001889d2094",
            "isHook": false,
            "skipped": false
          },
          {
            "title": "Account Controller should respond to get call",
            "fullTitle": "Validate Controller Module Account Controller should respond to get call",
            "timedOut": false,
            "duration": 1,
            "state": "passed",
            "speed": "fast",
            "pass": true,
            "fail": false,
            "pending": false,
            "code": "chai_1.expect(controller.Get(\"/account\")).to.not.equal(\"Response from Account Controller\");",
            "err": {},
            "isRoot": false,
            "uuid": "7eacad3e-4269-4fa1-aaa7-cf3d537183ba",
            "parentUUID": "d4c2be2b-297a-430d-87e2-3001889d2094",
            "isHook": false,
            "skipped": false
          },
          {
            "title": "Account Controller should return it's view path",
            "fullTitle": "Validate Controller Module Account Controller should return it's view path",
            "timedOut": false,
            "duration": 5,
            "state": "passed",
            "speed": "fast",
            "pass": true,
            "fail": false,
            "pending": false,
            "code": "chai_1.expect(controller.GetViewPath()).to.contain(controller.NAME.toLowerCase());",
            "err": {},
            "isRoot": false,
            "uuid": "44696036-44ab-40ea-b643-4255be11f1e3",
            "parentUUID": "d4c2be2b-297a-430d-87e2-3001889d2094",
            "isHook": false,
            "skipped": false
          }
        ],
        "failures": [],
        "skipped": [],
        "hasBeforeHooks": false,
        "hasAfterHooks": false,
        "hasTests": true,
        "hasSuites": false,
        "totalTests": 3,
        "totalPasses": 3,
        "totalFailures": 0,
        "totalPending": 0,
        "totalSkipped": 0,
        "hasPasses": true,
        "hasFailures": false,
        "hasPending": false,
        "hasSkipped": false,
        "duration": 6,
        "rootEmpty": false
      },
      {
        "title": "Validate Controller Module",
        "suites": [],
        "tests": [
          {
            "title": "Home Controller to be initialized",
            "fullTitle": "Validate Controller Module Home Controller to be initialized",
            "timedOut": false,
            "duration": 0,
            "state": "passed",
            "speed": "fast",
            "pass": true,
            "fail": false,
            "pending": false,
            "code": "chai_1.expect(controller.NAME).to.equal(\"Home\");",
            "err": {},
            "isRoot": false,
            "uuid": "6c6997ba-f9f8-43cf-af8b-d05ffd43423a",
            "parentUUID": "ba711dc7-a967-4ae4-bbb8-4e6db8a9eae2",
            "isHook": false,
            "skipped": false
          },
          {
            "title": "Home Controller should return it's view path",
            "fullTitle": "Validate Controller Module Home Controller should return it's view path",
            "timedOut": false,
            "duration": 0,
            "state": "passed",
            "speed": "fast",
            "pass": true,
            "fail": false,
            "pending": false,
            "code": "chai_1.expect(controller.GetViewPath()).to.contain(controller.NAME.toLowerCase());",
            "err": {},
            "isRoot": false,
            "uuid": "202630cb-9715-4f7b-9681-7b6a6abaab96",
            "parentUUID": "ba711dc7-a967-4ae4-bbb8-4e6db8a9eae2",
            "isHook": false,
            "skipped": false
          }
        ],
        "pending": [],
        "root": false,
        "_timeout": 2000,
        "file": "\\src\\tests\\controllers\\homeController.spec.js",
        "uuid": "ba711dc7-a967-4ae4-bbb8-4e6db8a9eae2",
        "beforeHooks": [],
        "afterHooks": [],
        "fullFile": "C:\\Users\\maestro\\Source\\Repos\\coreNode\\src\\tests\\controllers\\homeController.spec.js",
        "passes": [
          {
            "title": "Home Controller to be initialized",
            "fullTitle": "Validate Controller Module Home Controller to be initialized",
            "timedOut": false,
            "duration": 0,
            "state": "passed",
            "speed": "fast",
            "pass": true,
            "fail": false,
            "pending": false,
            "code": "chai_1.expect(controller.NAME).to.equal(\"Home\");",
            "err": {},
            "isRoot": false,
            "uuid": "6c6997ba-f9f8-43cf-af8b-d05ffd43423a",
            "parentUUID": "ba711dc7-a967-4ae4-bbb8-4e6db8a9eae2",
            "isHook": false,
            "skipped": false
          },
          {
            "title": "Home Controller should return it's view path",
            "fullTitle": "Validate Controller Module Home Controller should return it's view path",
            "timedOut": false,
            "duration": 0,
            "state": "passed",
            "speed": "fast",
            "pass": true,
            "fail": false,
            "pending": false,
            "code": "chai_1.expect(controller.GetViewPath()).to.contain(controller.NAME.toLowerCase());",
            "err": {},
            "isRoot": false,
            "uuid": "202630cb-9715-4f7b-9681-7b6a6abaab96",
            "parentUUID": "ba711dc7-a967-4ae4-bbb8-4e6db8a9eae2",
            "isHook": false,
            "skipped": false
          }
        ],
        "failures": [],
        "skipped": [],
        "hasBeforeHooks": false,
        "hasAfterHooks": false,
        "hasTests": true,
        "hasSuites": false,
        "totalTests": 2,
        "totalPasses": 2,
        "totalFailures": 0,
        "totalPending": 0,
        "totalSkipped": 0,
        "hasPasses": true,
        "hasFailures": false,
        "hasPending": false,
        "hasSkipped": false,
        "duration": 0,
        "rootEmpty": false
      },
      {
        "title": "Validate Base Repository",
        "suites": [],
        "tests": [
          {
            "title": "should return a base repository object",
            "fullTitle": "Validate Base Repository should return a base repository object",
            "timedOut": false,
            "duration": 0,
            "state": "passed",
            "speed": "fast",
            "pass": true,
            "fail": false,
            "pending": false,
            "code": "chai_1.expect(repository.Delete(1)).to.equal(true);",
            "err": {},
            "isRoot": false,
            "uuid": "870a5a5b-e6c9-4fef-a127-8e2dd2b2bd65",
            "parentUUID": "c541bfe9-0ff3-47c4-8641-5a8b85793d40",
            "isHook": false,
            "skipped": false
          },
          {
            "title": "should return a base repository object count",
            "fullTitle": "Validate Base Repository should return a base repository object count",
            "timedOut": false,
            "duration": 0,
            "state": "passed",
            "speed": "fast",
            "pass": true,
            "fail": false,
            "pending": false,
            "code": "chai_1.expect(repository.Count()).to.equal(0);",
            "err": {},
            "isRoot": false,
            "uuid": "a4ce54e3-031b-4be1-ba4e-21baca0b7385",
            "parentUUID": "c541bfe9-0ff3-47c4-8641-5a8b85793d40",
            "isHook": false,
            "skipped": false
          },
          {
            "title": "should add a user object to repository",
            "fullTitle": "Validate Base Repository should add a user object to repository",
            "timedOut": false,
            "duration": 1,
            "state": "passed",
            "speed": "fast",
            "pass": true,
            "fail": false,
            "pending": false,
            "code": "const userModel = new userModel_1.UserModule.UserModel();\nuserModel.Id = 1;\nchai_1.expect(repository.Add(userModel)).to.equal(userModel);",
            "err": {},
            "isRoot": false,
            "uuid": "80422ae2-164d-4632-b908-e0649c076bdf",
            "parentUUID": "c541bfe9-0ff3-47c4-8641-5a8b85793d40",
            "isHook": false,
            "skipped": false
          },
          {
            "title": "should return a base repository object count of 1",
            "fullTitle": "Validate Base Repository should return a base repository object count of 1",
            "timedOut": false,
            "duration": 0,
            "state": "passed",
            "speed": "fast",
            "pass": true,
            "fail": false,
            "pending": false,
            "code": "chai_1.expect(repository.Count()).to.equal(1);",
            "err": {},
            "isRoot": false,
            "uuid": "fe423fdd-7675-4950-87a9-1c37159090c0",
            "parentUUID": "c541bfe9-0ff3-47c4-8641-5a8b85793d40",
            "isHook": false,
            "skipped": false
          }
        ],
        "pending": [],
        "root": false,
        "_timeout": 2000,
        "file": "\\src\\tests\\data\\baseRepository.spec.js",
        "uuid": "c541bfe9-0ff3-47c4-8641-5a8b85793d40",
        "beforeHooks": [],
        "afterHooks": [],
        "fullFile": "C:\\Users\\maestro\\Source\\Repos\\coreNode\\src\\tests\\data\\baseRepository.spec.js",
        "passes": [
          {
            "title": "should return a base repository object",
            "fullTitle": "Validate Base Repository should return a base repository object",
            "timedOut": false,
            "duration": 0,
            "state": "passed",
            "speed": "fast",
            "pass": true,
            "fail": false,
            "pending": false,
            "code": "chai_1.expect(repository.Delete(1)).to.equal(true);",
            "err": {},
            "isRoot": false,
            "uuid": "870a5a5b-e6c9-4fef-a127-8e2dd2b2bd65",
            "parentUUID": "c541bfe9-0ff3-47c4-8641-5a8b85793d40",
            "isHook": false,
            "skipped": false
          },
          {
            "title": "should return a base repository object count",
            "fullTitle": "Validate Base Repository should return a base repository object count",
            "timedOut": false,
            "duration": 0,
            "state": "passed",
            "speed": "fast",
            "pass": true,
            "fail": false,
            "pending": false,
            "code": "chai_1.expect(repository.Count()).to.equal(0);",
            "err": {},
            "isRoot": false,
            "uuid": "a4ce54e3-031b-4be1-ba4e-21baca0b7385",
            "parentUUID": "c541bfe9-0ff3-47c4-8641-5a8b85793d40",
            "isHook": false,
            "skipped": false
          },
          {
            "title": "should add a user object to repository",
            "fullTitle": "Validate Base Repository should add a user object to repository",
            "timedOut": false,
            "duration": 1,
            "state": "passed",
            "speed": "fast",
            "pass": true,
            "fail": false,
            "pending": false,
            "code": "const userModel = new userModel_1.UserModule.UserModel();\nuserModel.Id = 1;\nchai_1.expect(repository.Add(userModel)).to.equal(userModel);",
            "err": {},
            "isRoot": false,
            "uuid": "80422ae2-164d-4632-b908-e0649c076bdf",
            "parentUUID": "c541bfe9-0ff3-47c4-8641-5a8b85793d40",
            "isHook": false,
            "skipped": false
          },
          {
            "title": "should return a base repository object count of 1",
            "fullTitle": "Validate Base Repository should return a base repository object count of 1",
            "timedOut": false,
            "duration": 0,
            "state": "passed",
            "speed": "fast",
            "pass": true,
            "fail": false,
            "pending": false,
            "code": "chai_1.expect(repository.Count()).to.equal(1);",
            "err": {},
            "isRoot": false,
            "uuid": "fe423fdd-7675-4950-87a9-1c37159090c0",
            "parentUUID": "c541bfe9-0ff3-47c4-8641-5a8b85793d40",
            "isHook": false,
            "skipped": false
          }
        ],
        "failures": [],
        "skipped": [],
        "hasBeforeHooks": false,
        "hasAfterHooks": false,
        "hasTests": true,
        "hasSuites": false,
        "totalTests": 4,
        "totalPasses": 4,
        "totalFailures": 0,
        "totalPending": 0,
        "totalSkipped": 0,
        "hasPasses": true,
        "hasFailures": false,
        "hasPending": false,
        "hasSkipped": false,
        "duration": 1,
        "rootEmpty": false
      },
      {
        "title": "Validate Base Model",
        "suites": [],
        "tests": [
          {
            "title": "should return an object of type BaseModel",
            "fullTitle": "Validate Base Model should return an object of type BaseModel",
            "timedOut": false,
            "duration": 0,
            "state": "passed",
            "speed": "fast",
            "pass": true,
            "fail": false,
            "pending": false,
            "code": "const modelObject = new baseModel_1.BaseModel();\nchai_1.expect(modelObject.Active).to.equal(true);",
            "err": {},
            "isRoot": false,
            "uuid": "2b35d932-f5d2-4c5d-a104-678d259257f3",
            "parentUUID": "484413e1-f90f-4c61-926c-d9fa6ca7fc6f",
            "isHook": false,
            "skipped": false
          }
        ],
        "pending": [],
        "root": false,
        "_timeout": 2000,
        "file": "\\src\\tests\\models\\baseModel.spec.js",
        "uuid": "484413e1-f90f-4c61-926c-d9fa6ca7fc6f",
        "beforeHooks": [],
        "afterHooks": [],
        "fullFile": "C:\\Users\\maestro\\Source\\Repos\\coreNode\\src\\tests\\models\\baseModel.spec.js",
        "passes": [
          {
            "title": "should return an object of type BaseModel",
            "fullTitle": "Validate Base Model should return an object of type BaseModel",
            "timedOut": false,
            "duration": 0,
            "state": "passed",
            "speed": "fast",
            "pass": true,
            "fail": false,
            "pending": false,
            "code": "const modelObject = new baseModel_1.BaseModel();\nchai_1.expect(modelObject.Active).to.equal(true);",
            "err": {},
            "isRoot": false,
            "uuid": "2b35d932-f5d2-4c5d-a104-678d259257f3",
            "parentUUID": "484413e1-f90f-4c61-926c-d9fa6ca7fc6f",
            "isHook": false,
            "skipped": false
          }
        ],
        "failures": [],
        "skipped": [],
        "hasBeforeHooks": false,
        "hasAfterHooks": false,
        "hasTests": true,
        "hasSuites": false,
        "totalTests": 1,
        "totalPasses": 1,
        "totalFailures": 0,
        "totalPending": 0,
        "totalSkipped": 0,
        "hasPasses": true,
        "hasFailures": false,
        "hasPending": false,
        "hasSkipped": false,
        "duration": 0,
        "rootEmpty": false
      }
    ],
    "tests": [],
    "pending": [],
    "root": true,
    "_timeout": 2000,
    "uuid": "413bccdd-25c5-45e7-a1ef-a7183ac97976",
    "beforeHooks": [],
    "afterHooks": [],
    "fullFile": "",
    "file": "",
    "passes": [],
    "failures": [],
    "skipped": [],
    "hasBeforeHooks": false,
    "hasAfterHooks": false,
    "hasTests": false,
    "hasSuites": true,
    "totalTests": 0,
    "totalPasses": 0,
    "totalFailures": 0,
    "totalPending": 0,
    "totalSkipped": 0,
    "hasPasses": false,
    "hasFailures": false,
    "hasPending": false,
    "hasSkipped": false,
    "duration": 0,
    "rootEmpty": true
  },
  "allTests": [
    {
      "title": "Account Controller to be initialized",
      "fullTitle": "Validate Controller Module Account Controller to be initialized",
      "timedOut": false,
      "duration": 0,
      "state": "passed",
      "speed": "fast",
      "pass": true,
      "fail": false,
      "pending": false,
      "code": "chai_1.expect(controller.NAME).to.equal(\"Account\");",
      "err": {},
      "isRoot": false,
      "uuid": "34c9c1ee-b724-4c8c-a1ba-bc90c3c4d7db",
      "parentUUID": "d4c2be2b-297a-430d-87e2-3001889d2094",
      "isHook": false,
      "skipped": false
    },
    {
      "title": "Account Controller should respond to get call",
      "fullTitle": "Validate Controller Module Account Controller should respond to get call",
      "timedOut": false,
      "duration": 1,
      "state": "passed",
      "speed": "fast",
      "pass": true,
      "fail": false,
      "pending": false,
      "code": "chai_1.expect(controller.Get(\"/account\")).to.not.equal(\"Response from Account Controller\");",
      "err": {},
      "isRoot": false,
      "uuid": "7eacad3e-4269-4fa1-aaa7-cf3d537183ba",
      "parentUUID": "d4c2be2b-297a-430d-87e2-3001889d2094",
      "isHook": false,
      "skipped": false
    },
    {
      "title": "Account Controller should return it's view path",
      "fullTitle": "Validate Controller Module Account Controller should return it's view path",
      "timedOut": false,
      "duration": 5,
      "state": "passed",
      "speed": "fast",
      "pass": true,
      "fail": false,
      "pending": false,
      "code": "chai_1.expect(controller.GetViewPath()).to.contain(controller.NAME.toLowerCase());",
      "err": {},
      "isRoot": false,
      "uuid": "44696036-44ab-40ea-b643-4255be11f1e3",
      "parentUUID": "d4c2be2b-297a-430d-87e2-3001889d2094",
      "isHook": false,
      "skipped": false
    },
    {
      "title": "Home Controller to be initialized",
      "fullTitle": "Validate Controller Module Home Controller to be initialized",
      "timedOut": false,
      "duration": 0,
      "state": "passed",
      "speed": "fast",
      "pass": true,
      "fail": false,
      "pending": false,
      "code": "chai_1.expect(controller.NAME).to.equal(\"Home\");",
      "err": {},
      "isRoot": false,
      "uuid": "6c6997ba-f9f8-43cf-af8b-d05ffd43423a",
      "parentUUID": "ba711dc7-a967-4ae4-bbb8-4e6db8a9eae2",
      "isHook": false,
      "skipped": false
    },
    {
      "title": "Home Controller should return it's view path",
      "fullTitle": "Validate Controller Module Home Controller should return it's view path",
      "timedOut": false,
      "duration": 0,
      "state": "passed",
      "speed": "fast",
      "pass": true,
      "fail": false,
      "pending": false,
      "code": "chai_1.expect(controller.GetViewPath()).to.contain(controller.NAME.toLowerCase());",
      "err": {},
      "isRoot": false,
      "uuid": "202630cb-9715-4f7b-9681-7b6a6abaab96",
      "parentUUID": "ba711dc7-a967-4ae4-bbb8-4e6db8a9eae2",
      "isHook": false,
      "skipped": false
    },
    {
      "title": "should return a base repository object",
      "fullTitle": "Validate Base Repository should return a base repository object",
      "timedOut": false,
      "duration": 0,
      "state": "passed",
      "speed": "fast",
      "pass": true,
      "fail": false,
      "pending": false,
      "code": "chai_1.expect(repository.Delete(1)).to.equal(true);",
      "err": {},
      "isRoot": false,
      "uuid": "870a5a5b-e6c9-4fef-a127-8e2dd2b2bd65",
      "parentUUID": "c541bfe9-0ff3-47c4-8641-5a8b85793d40",
      "isHook": false,
      "skipped": false
    },
    {
      "title": "should return a base repository object count",
      "fullTitle": "Validate Base Repository should return a base repository object count",
      "timedOut": false,
      "duration": 0,
      "state": "passed",
      "speed": "fast",
      "pass": true,
      "fail": false,
      "pending": false,
      "code": "chai_1.expect(repository.Count()).to.equal(0);",
      "err": {},
      "isRoot": false,
      "uuid": "a4ce54e3-031b-4be1-ba4e-21baca0b7385",
      "parentUUID": "c541bfe9-0ff3-47c4-8641-5a8b85793d40",
      "isHook": false,
      "skipped": false
    },
    {
      "title": "should add a user object to repository",
      "fullTitle": "Validate Base Repository should add a user object to repository",
      "timedOut": false,
      "duration": 1,
      "state": "passed",
      "speed": "fast",
      "pass": true,
      "fail": false,
      "pending": false,
      "code": "const userModel = new userModel_1.UserModule.UserModel();\nuserModel.Id = 1;\nchai_1.expect(repository.Add(userModel)).to.equal(userModel);",
      "err": {},
      "isRoot": false,
      "uuid": "80422ae2-164d-4632-b908-e0649c076bdf",
      "parentUUID": "c541bfe9-0ff3-47c4-8641-5a8b85793d40",
      "isHook": false,
      "skipped": false
    },
    {
      "title": "should return a base repository object count of 1",
      "fullTitle": "Validate Base Repository should return a base repository object count of 1",
      "timedOut": false,
      "duration": 0,
      "state": "passed",
      "speed": "fast",
      "pass": true,
      "fail": false,
      "pending": false,
      "code": "chai_1.expect(repository.Count()).to.equal(1);",
      "err": {},
      "isRoot": false,
      "uuid": "fe423fdd-7675-4950-87a9-1c37159090c0",
      "parentUUID": "c541bfe9-0ff3-47c4-8641-5a8b85793d40",
      "isHook": false,
      "skipped": false
    },
    {
      "title": "should return an object of type BaseModel",
      "fullTitle": "Validate Base Model should return an object of type BaseModel",
      "timedOut": false,
      "duration": 0,
      "state": "passed",
      "speed": "fast",
      "pass": true,
      "fail": false,
      "pending": false,
      "code": "const modelObject = new baseModel_1.BaseModel();\nchai_1.expect(modelObject.Active).to.equal(true);",
      "err": {},
      "isRoot": false,
      "uuid": "2b35d932-f5d2-4c5d-a104-678d259257f3",
      "parentUUID": "484413e1-f90f-4c61-926c-d9fa6ca7fc6f",
      "isHook": false,
      "skipped": false
    }
  ],
  "allPending": [],
  "allPasses": [
    {
      "title": "Account Controller to be initialized",
      "fullTitle": "Validate Controller Module Account Controller to be initialized",
      "timedOut": false,
      "duration": 0,
      "state": "passed",
      "speed": "fast",
      "pass": true,
      "fail": false,
      "pending": false,
      "code": "chai_1.expect(controller.NAME).to.equal(\"Account\");",
      "err": {},
      "isRoot": false,
      "uuid": "34c9c1ee-b724-4c8c-a1ba-bc90c3c4d7db",
      "parentUUID": "d4c2be2b-297a-430d-87e2-3001889d2094",
      "isHook": false,
      "skipped": false
    },
    {
      "title": "Account Controller should respond to get call",
      "fullTitle": "Validate Controller Module Account Controller should respond to get call",
      "timedOut": false,
      "duration": 1,
      "state": "passed",
      "speed": "fast",
      "pass": true,
      "fail": false,
      "pending": false,
      "code": "chai_1.expect(controller.Get(\"/account\")).to.not.equal(\"Response from Account Controller\");",
      "err": {},
      "isRoot": false,
      "uuid": "7eacad3e-4269-4fa1-aaa7-cf3d537183ba",
      "parentUUID": "d4c2be2b-297a-430d-87e2-3001889d2094",
      "isHook": false,
      "skipped": false
    },
    {
      "title": "Account Controller should return it's view path",
      "fullTitle": "Validate Controller Module Account Controller should return it's view path",
      "timedOut": false,
      "duration": 5,
      "state": "passed",
      "speed": "fast",
      "pass": true,
      "fail": false,
      "pending": false,
      "code": "chai_1.expect(controller.GetViewPath()).to.contain(controller.NAME.toLowerCase());",
      "err": {},
      "isRoot": false,
      "uuid": "44696036-44ab-40ea-b643-4255be11f1e3",
      "parentUUID": "d4c2be2b-297a-430d-87e2-3001889d2094",
      "isHook": false,
      "skipped": false
    },
    {
      "title": "Home Controller to be initialized",
      "fullTitle": "Validate Controller Module Home Controller to be initialized",
      "timedOut": false,
      "duration": 0,
      "state": "passed",
      "speed": "fast",
      "pass": true,
      "fail": false,
      "pending": false,
      "code": "chai_1.expect(controller.NAME).to.equal(\"Home\");",
      "err": {},
      "isRoot": false,
      "uuid": "6c6997ba-f9f8-43cf-af8b-d05ffd43423a",
      "parentUUID": "ba711dc7-a967-4ae4-bbb8-4e6db8a9eae2",
      "isHook": false,
      "skipped": false
    },
    {
      "title": "Home Controller should return it's view path",
      "fullTitle": "Validate Controller Module Home Controller should return it's view path",
      "timedOut": false,
      "duration": 0,
      "state": "passed",
      "speed": "fast",
      "pass": true,
      "fail": false,
      "pending": false,
      "code": "chai_1.expect(controller.GetViewPath()).to.contain(controller.NAME.toLowerCase());",
      "err": {},
      "isRoot": false,
      "uuid": "202630cb-9715-4f7b-9681-7b6a6abaab96",
      "parentUUID": "ba711dc7-a967-4ae4-bbb8-4e6db8a9eae2",
      "isHook": false,
      "skipped": false
    },
    {
      "title": "should return a base repository object",
      "fullTitle": "Validate Base Repository should return a base repository object",
      "timedOut": false,
      "duration": 0,
      "state": "passed",
      "speed": "fast",
      "pass": true,
      "fail": false,
      "pending": false,
      "code": "chai_1.expect(repository.Delete(1)).to.equal(true);",
      "err": {},
      "isRoot": false,
      "uuid": "870a5a5b-e6c9-4fef-a127-8e2dd2b2bd65",
      "parentUUID": "c541bfe9-0ff3-47c4-8641-5a8b85793d40",
      "isHook": false,
      "skipped": false
    },
    {
      "title": "should return a base repository object count",
      "fullTitle": "Validate Base Repository should return a base repository object count",
      "timedOut": false,
      "duration": 0,
      "state": "passed",
      "speed": "fast",
      "pass": true,
      "fail": false,
      "pending": false,
      "code": "chai_1.expect(repository.Count()).to.equal(0);",
      "err": {},
      "isRoot": false,
      "uuid": "a4ce54e3-031b-4be1-ba4e-21baca0b7385",
      "parentUUID": "c541bfe9-0ff3-47c4-8641-5a8b85793d40",
      "isHook": false,
      "skipped": false
    },
    {
      "title": "should add a user object to repository",
      "fullTitle": "Validate Base Repository should add a user object to repository",
      "timedOut": false,
      "duration": 1,
      "state": "passed",
      "speed": "fast",
      "pass": true,
      "fail": false,
      "pending": false,
      "code": "const userModel = new userModel_1.UserModule.UserModel();\nuserModel.Id = 1;\nchai_1.expect(repository.Add(userModel)).to.equal(userModel);",
      "err": {},
      "isRoot": false,
      "uuid": "80422ae2-164d-4632-b908-e0649c076bdf",
      "parentUUID": "c541bfe9-0ff3-47c4-8641-5a8b85793d40",
      "isHook": false,
      "skipped": false
    },
    {
      "title": "should return a base repository object count of 1",
      "fullTitle": "Validate Base Repository should return a base repository object count of 1",
      "timedOut": false,
      "duration": 0,
      "state": "passed",
      "speed": "fast",
      "pass": true,
      "fail": false,
      "pending": false,
      "code": "chai_1.expect(repository.Count()).to.equal(1);",
      "err": {},
      "isRoot": false,
      "uuid": "fe423fdd-7675-4950-87a9-1c37159090c0",
      "parentUUID": "c541bfe9-0ff3-47c4-8641-5a8b85793d40",
      "isHook": false,
      "skipped": false
    },
    {
      "title": "should return an object of type BaseModel",
      "fullTitle": "Validate Base Model should return an object of type BaseModel",
      "timedOut": false,
      "duration": 0,
      "state": "passed",
      "speed": "fast",
      "pass": true,
      "fail": false,
      "pending": false,
      "code": "const modelObject = new baseModel_1.BaseModel();\nchai_1.expect(modelObject.Active).to.equal(true);",
      "err": {},
      "isRoot": false,
      "uuid": "2b35d932-f5d2-4c5d-a104-678d259257f3",
      "parentUUID": "484413e1-f90f-4c61-926c-d9fa6ca7fc6f",
      "isHook": false,
      "skipped": false
    }
  ],
  "allFailures": [],
  "copyrightYear": 2018
}