{
  "stats": {
    "suites": 4,
    "tests": 10,
    "passes": 10,
    "pending": 0,
    "failures": 0,
    "start": "2018-02-13T20:51:12.584Z",
    "end": "2018-02-13T20:51:12.608Z",
    "duration": 24,
    "testsRegistered": 10,
    "passPercent": 100,
    "pendingPercent": 0,
    "other": 0,
    "hasOther": false,
    "skipped": 0,
    "hasSkipped": false,
    "passPercentClass": "success",
    "pendingPercentClass": "danger"
  },
  "suites": {
    "title": "",
    "suites": [
      {
        "title": "Validate Controller Module",
        "suites": [],
        "tests": [
          {
            "title": "Account Controller to be initialized",
            "fullTitle": "Validate Controller Module Account Controller to be initialized",
            "timedOut": false,
            "duration": 9,
            "state": "passed",
            "speed": "fast",
            "pass": true,
            "fail": false,
            "pending": false,
            "code": "chai_1.expect(controller.NAME).to.equal(\"Account\");",
            "err": {},
            "isRoot": false,
            "uuid": "3a936813-b6da-4fff-bbe3-0a3869809b66",
            "parentUUID": "797df71f-87e9-4e87-9cf7-63d948c5b200",
            "isHook": false,
            "skipped": false
          },
          {
            "title": "Account Controller should respond to get call",
            "fullTitle": "Validate Controller Module Account Controller should respond to get call",
            "timedOut": false,
            "duration": 1,
            "state": "passed",
            "speed": "fast",
            "pass": true,
            "fail": false,
            "pending": false,
            "code": "chai_1.expect(controller.Get(\"/account\")).to.not.equal(\"Response from Account Controller\");",
            "err": {},
            "isRoot": false,
            "uuid": "9230b5b1-124f-49de-85a6-f06a06e48b12",
            "parentUUID": "797df71f-87e9-4e87-9cf7-63d948c5b200",
            "isHook": false,
            "skipped": false
          },
          {
            "title": "Account Controller should return it's view path",
            "fullTitle": "Validate Controller Module Account Controller should return it's view path",
            "timedOut": false,
            "duration": 1,
            "state": "passed",
            "speed": "fast",
            "pass": true,
            "fail": false,
            "pending": false,
            "code": "chai_1.expect(controller.GetViewPath()).to.contain(controller.NAME.toLowerCase());",
            "err": {},
            "isRoot": false,
            "uuid": "e61907c8-23ce-4d9c-8247-cd80473c55a9",
            "parentUUID": "797df71f-87e9-4e87-9cf7-63d948c5b200",
            "isHook": false,
            "skipped": false
          }
        ],
        "pending": [],
        "root": false,
        "_timeout": 2000,
        "file": "\\src\\tests\\controllers\\accountController.spec.js",
        "uuid": "797df71f-87e9-4e87-9cf7-63d948c5b200",
        "beforeHooks": [],
        "afterHooks": [],
        "fullFile": "C:\\Users\\maestro\\Source\\Repos\\coreNode\\src\\tests\\controllers\\accountController.spec.js",
        "passes": [
          {
            "title": "Account Controller to be initialized",
            "fullTitle": "Validate Controller Module Account Controller to be initialized",
            "timedOut": false,
            "duration": 9,
            "state": "passed",
            "speed": "fast",
            "pass": true,
            "fail": false,
            "pending": false,
            "code": "chai_1.expect(controller.NAME).to.equal(\"Account\");",
            "err": {},
            "isRoot": false,
            "uuid": "3a936813-b6da-4fff-bbe3-0a3869809b66",
            "parentUUID": "797df71f-87e9-4e87-9cf7-63d948c5b200",
            "isHook": false,
            "skipped": false
          },
          {
            "title": "Account Controller should respond to get call",
            "fullTitle": "Validate Controller Module Account Controller should respond to get call",
            "timedOut": false,
            "duration": 1,
            "state": "passed",
            "speed": "fast",
            "pass": true,
            "fail": false,
            "pending": false,
            "code": "chai_1.expect(controller.Get(\"/account\")).to.not.equal(\"Response from Account Controller\");",
            "err": {},
            "isRoot": false,
            "uuid": "9230b5b1-124f-49de-85a6-f06a06e48b12",
            "parentUUID": "797df71f-87e9-4e87-9cf7-63d948c5b200",
            "isHook": false,
            "skipped": false
          },
          {
            "title": "Account Controller should return it's view path",
            "fullTitle": "Validate Controller Module Account Controller should return it's view path",
            "timedOut": false,
            "duration": 1,
            "state": "passed",
            "speed": "fast",
            "pass": true,
            "fail": false,
            "pending": false,
            "code": "chai_1.expect(controller.GetViewPath()).to.contain(controller.NAME.toLowerCase());",
            "err": {},
            "isRoot": false,
            "uuid": "e61907c8-23ce-4d9c-8247-cd80473c55a9",
            "parentUUID": "797df71f-87e9-4e87-9cf7-63d948c5b200",
            "isHook": false,
            "skipped": false
          }
        ],
        "failures": [],
        "skipped": [],
        "hasBeforeHooks": false,
        "hasAfterHooks": false,
        "hasTests": true,
        "hasSuites": false,
        "totalTests": 3,
        "totalPasses": 3,
        "totalFailures": 0,
        "totalPending": 0,
        "totalSkipped": 0,
        "hasPasses": true,
        "hasFailures": false,
        "hasPending": false,
        "hasSkipped": false,
        "duration": 11,
        "rootEmpty": false
      },
      {
        "title": "Validate Controller Module",
        "suites": [],
        "tests": [
          {
            "title": "Home Controller to be initialized",
            "fullTitle": "Validate Controller Module Home Controller to be initialized",
            "timedOut": false,
            "duration": 0,
            "state": "passed",
            "speed": "fast",
            "pass": true,
            "fail": false,
            "pending": false,
            "code": "chai_1.expect(controller.NAME).to.equal(\"Home\");",
            "err": {},
            "isRoot": false,
            "uuid": "5cc549c5-f740-4982-a624-2d136b8bed89",
            "parentUUID": "b4f657cb-65d5-4036-bc5f-67d815abeaee",
            "isHook": false,
            "skipped": false
          },
          {
            "title": "Home Controller should return it's view path",
            "fullTitle": "Validate Controller Module Home Controller should return it's view path",
            "timedOut": false,
            "duration": 0,
            "state": "passed",
            "speed": "fast",
            "pass": true,
            "fail": false,
            "pending": false,
            "code": "chai_1.expect(controller.GetViewPath()).to.contain(controller.NAME.toLowerCase());",
            "err": {},
            "isRoot": false,
            "uuid": "83fe3c23-6c1b-40c0-87c9-7fcaea3bf7f8",
            "parentUUID": "b4f657cb-65d5-4036-bc5f-67d815abeaee",
            "isHook": false,
            "skipped": false
          }
        ],
        "pending": [],
        "root": false,
        "_timeout": 2000,
        "file": "\\src\\tests\\controllers\\homeController.spec.js",
        "uuid": "b4f657cb-65d5-4036-bc5f-67d815abeaee",
        "beforeHooks": [],
        "afterHooks": [],
        "fullFile": "C:\\Users\\maestro\\Source\\Repos\\coreNode\\src\\tests\\controllers\\homeController.spec.js",
        "passes": [
          {
            "title": "Home Controller to be initialized",
            "fullTitle": "Validate Controller Module Home Controller to be initialized",
            "timedOut": false,
            "duration": 0,
            "state": "passed",
            "speed": "fast",
            "pass": true,
            "fail": false,
            "pending": false,
            "code": "chai_1.expect(controller.NAME).to.equal(\"Home\");",
            "err": {},
            "isRoot": false,
            "uuid": "5cc549c5-f740-4982-a624-2d136b8bed89",
            "parentUUID": "b4f657cb-65d5-4036-bc5f-67d815abeaee",
            "isHook": false,
            "skipped": false
          },
          {
            "title": "Home Controller should return it's view path",
            "fullTitle": "Validate Controller Module Home Controller should return it's view path",
            "timedOut": false,
            "duration": 0,
            "state": "passed",
            "speed": "fast",
            "pass": true,
            "fail": false,
            "pending": false,
            "code": "chai_1.expect(controller.GetViewPath()).to.contain(controller.NAME.toLowerCase());",
            "err": {},
            "isRoot": false,
            "uuid": "83fe3c23-6c1b-40c0-87c9-7fcaea3bf7f8",
            "parentUUID": "b4f657cb-65d5-4036-bc5f-67d815abeaee",
            "isHook": false,
            "skipped": false
          }
        ],
        "failures": [],
        "skipped": [],
        "hasBeforeHooks": false,
        "hasAfterHooks": false,
        "hasTests": true,
        "hasSuites": false,
        "totalTests": 2,
        "totalPasses": 2,
        "totalFailures": 0,
        "totalPending": 0,
        "totalSkipped": 0,
        "hasPasses": true,
        "hasFailures": false,
        "hasPending": false,
        "hasSkipped": false,
        "duration": 0,
        "rootEmpty": false
      },
      {
        "title": "Validate Base Repository",
        "suites": [],
        "tests": [
          {
            "title": "should return a base repository object",
            "fullTitle": "Validate Base Repository should return a base repository object",
            "timedOut": false,
            "duration": 0,
            "state": "passed",
            "speed": "fast",
            "pass": true,
            "fail": false,
            "pending": false,
            "code": "chai_1.expect(repository.Delete(1)).to.equal(true);",
            "err": {},
            "isRoot": false,
            "uuid": "b2792850-87aa-4389-af0f-db40d79eca9d",
            "parentUUID": "d7ead907-3b31-4b5d-8219-7c9e3f3b8244",
            "isHook": false,
            "skipped": false
          },
          {
            "title": "should return a base repository object count",
            "fullTitle": "Validate Base Repository should return a base repository object count",
            "timedOut": false,
            "duration": 1,
            "state": "passed",
            "speed": "fast",
            "pass": true,
            "fail": false,
            "pending": false,
            "code": "chai_1.expect(repository.Count()).to.equal(0);",
            "err": {},
            "isRoot": false,
            "uuid": "e9e8be87-2e5f-439f-bf01-7987078732e9",
            "parentUUID": "d7ead907-3b31-4b5d-8219-7c9e3f3b8244",
            "isHook": false,
            "skipped": false
          },
          {
            "title": "should add a user object to repository",
            "fullTitle": "Validate Base Repository should add a user object to repository",
            "timedOut": false,
            "duration": 1,
            "state": "passed",
            "speed": "fast",
            "pass": true,
            "fail": false,
            "pending": false,
            "code": "const userModel = new userModel_1.UserModule.UserModel();\nuserModel.Id = 1;\nchai_1.expect(repository.Add(userModel)).to.equal(userModel);",
            "err": {},
            "isRoot": false,
            "uuid": "cc933aa6-2805-44a6-8167-4e944609daf5",
            "parentUUID": "d7ead907-3b31-4b5d-8219-7c9e3f3b8244",
            "isHook": false,
            "skipped": false
          },
          {
            "title": "should return a base repository object count of 1",
            "fullTitle": "Validate Base Repository should return a base repository object count of 1",
            "timedOut": false,
            "duration": 0,
            "state": "passed",
            "speed": "fast",
            "pass": true,
            "fail": false,
            "pending": false,
            "code": "chai_1.expect(repository.Count()).to.equal(1);",
            "err": {},
            "isRoot": false,
            "uuid": "7ec02b18-cf6b-499d-aa3e-7a8f183d976a",
            "parentUUID": "d7ead907-3b31-4b5d-8219-7c9e3f3b8244",
            "isHook": false,
            "skipped": false
          }
        ],
        "pending": [],
        "root": false,
        "_timeout": 2000,
        "file": "\\src\\tests\\data\\baseRepository.spec.js",
        "uuid": "d7ead907-3b31-4b5d-8219-7c9e3f3b8244",
        "beforeHooks": [],
        "afterHooks": [],
        "fullFile": "C:\\Users\\maestro\\Source\\Repos\\coreNode\\src\\tests\\data\\baseRepository.spec.js",
        "passes": [
          {
            "title": "should return a base repository object",
            "fullTitle": "Validate Base Repository should return a base repository object",
            "timedOut": false,
            "duration": 0,
            "state": "passed",
            "speed": "fast",
            "pass": true,
            "fail": false,
            "pending": false,
            "code": "chai_1.expect(repository.Delete(1)).to.equal(true);",
            "err": {},
            "isRoot": false,
            "uuid": "b2792850-87aa-4389-af0f-db40d79eca9d",
            "parentUUID": "d7ead907-3b31-4b5d-8219-7c9e3f3b8244",
            "isHook": false,
            "skipped": false
          },
          {
            "title": "should return a base repository object count",
            "fullTitle": "Validate Base Repository should return a base repository object count",
            "timedOut": false,
            "duration": 1,
            "state": "passed",
            "speed": "fast",
            "pass": true,
            "fail": false,
            "pending": false,
            "code": "chai_1.expect(repository.Count()).to.equal(0);",
            "err": {},
            "isRoot": false,
            "uuid": "e9e8be87-2e5f-439f-bf01-7987078732e9",
            "parentUUID": "d7ead907-3b31-4b5d-8219-7c9e3f3b8244",
            "isHook": false,
            "skipped": false
          },
          {
            "title": "should add a user object to repository",
            "fullTitle": "Validate Base Repository should add a user object to repository",
            "timedOut": false,
            "duration": 1,
            "state": "passed",
            "speed": "fast",
            "pass": true,
            "fail": false,
            "pending": false,
            "code": "const userModel = new userModel_1.UserModule.UserModel();\nuserModel.Id = 1;\nchai_1.expect(repository.Add(userModel)).to.equal(userModel);",
            "err": {},
            "isRoot": false,
            "uuid": "cc933aa6-2805-44a6-8167-4e944609daf5",
            "parentUUID": "d7ead907-3b31-4b5d-8219-7c9e3f3b8244",
            "isHook": false,
            "skipped": false
          },
          {
            "title": "should return a base repository object count of 1",
            "fullTitle": "Validate Base Repository should return a base repository object count of 1",
            "timedOut": false,
            "duration": 0,
            "state": "passed",
            "speed": "fast",
            "pass": true,
            "fail": false,
            "pending": false,
            "code": "chai_1.expect(repository.Count()).to.equal(1);",
            "err": {},
            "isRoot": false,
            "uuid": "7ec02b18-cf6b-499d-aa3e-7a8f183d976a",
            "parentUUID": "d7ead907-3b31-4b5d-8219-7c9e3f3b8244",
            "isHook": false,
            "skipped": false
          }
        ],
        "failures": [],
        "skipped": [],
        "hasBeforeHooks": false,
        "hasAfterHooks": false,
        "hasTests": true,
        "hasSuites": false,
        "totalTests": 4,
        "totalPasses": 4,
        "totalFailures": 0,
        "totalPending": 0,
        "totalSkipped": 0,
        "hasPasses": true,
        "hasFailures": false,
        "hasPending": false,
        "hasSkipped": false,
        "duration": 2,
        "rootEmpty": false
      },
      {
        "title": "Validate Base Model",
        "suites": [],
        "tests": [
          {
            "title": "should return an object of type BaseModel",
            "fullTitle": "Validate Base Model should return an object of type BaseModel",
            "timedOut": false,
            "duration": 1,
            "state": "passed",
            "speed": "fast",
            "pass": true,
            "fail": false,
            "pending": false,
            "code": "const modelObject = new baseModel_1.BaseModel();\n// tslint:disable-next-line:no-console\nappLogger.Log(JSON.stringify(modelObject), enums_1.AppEnums.LogType.Object);\nchai_1.expect(modelObject.Active).to.equal(true);",
            "err": {},
            "isRoot": false,
            "uuid": "7860f88d-5275-4551-950f-70538ece9b5a",
            "parentUUID": "409ca257-7a68-408b-8f12-8fd8bffcfb5f",
            "isHook": false,
            "skipped": false
          }
        ],
        "pending": [],
        "root": false,
        "_timeout": 2000,
        "file": "\\src\\tests\\models\\baseModel.spec.js",
        "uuid": "409ca257-7a68-408b-8f12-8fd8bffcfb5f",
        "beforeHooks": [],
        "afterHooks": [],
        "fullFile": "C:\\Users\\maestro\\Source\\Repos\\coreNode\\src\\tests\\models\\baseModel.spec.js",
        "passes": [
          {
            "title": "should return an object of type BaseModel",
            "fullTitle": "Validate Base Model should return an object of type BaseModel",
            "timedOut": false,
            "duration": 1,
            "state": "passed",
            "speed": "fast",
            "pass": true,
            "fail": false,
            "pending": false,
            "code": "const modelObject = new baseModel_1.BaseModel();\n// tslint:disable-next-line:no-console\nappLogger.Log(JSON.stringify(modelObject), enums_1.AppEnums.LogType.Object);\nchai_1.expect(modelObject.Active).to.equal(true);",
            "err": {},
            "isRoot": false,
            "uuid": "7860f88d-5275-4551-950f-70538ece9b5a",
            "parentUUID": "409ca257-7a68-408b-8f12-8fd8bffcfb5f",
            "isHook": false,
            "skipped": false
          }
        ],
        "failures": [],
        "skipped": [],
        "hasBeforeHooks": false,
        "hasAfterHooks": false,
        "hasTests": true,
        "hasSuites": false,
        "totalTests": 1,
        "totalPasses": 1,
        "totalFailures": 0,
        "totalPending": 0,
        "totalSkipped": 0,
        "hasPasses": true,
        "hasFailures": false,
        "hasPending": false,
        "hasSkipped": false,
        "duration": 1,
        "rootEmpty": false
      }
    ],
    "tests": [],
    "pending": [],
    "root": true,
    "_timeout": 2000,
    "uuid": "083709f8-a15d-4dfa-b042-5dc9fcc149fe",
    "beforeHooks": [],
    "afterHooks": [],
    "fullFile": "",
    "file": "",
    "passes": [],
    "failures": [],
    "skipped": [],
    "hasBeforeHooks": false,
    "hasAfterHooks": false,
    "hasTests": false,
    "hasSuites": true,
    "totalTests": 0,
    "totalPasses": 0,
    "totalFailures": 0,
    "totalPending": 0,
    "totalSkipped": 0,
    "hasPasses": false,
    "hasFailures": false,
    "hasPending": false,
    "hasSkipped": false,
    "duration": 0,
    "rootEmpty": true
  },
  "allTests": [
    {
      "title": "Account Controller to be initialized",
      "fullTitle": "Validate Controller Module Account Controller to be initialized",
      "timedOut": false,
      "duration": 9,
      "state": "passed",
      "speed": "fast",
      "pass": true,
      "fail": false,
      "pending": false,
      "code": "chai_1.expect(controller.NAME).to.equal(\"Account\");",
      "err": {},
      "isRoot": false,
      "uuid": "3a936813-b6da-4fff-bbe3-0a3869809b66",
      "parentUUID": "797df71f-87e9-4e87-9cf7-63d948c5b200",
      "isHook": false,
      "skipped": false
    },
    {
      "title": "Account Controller should respond to get call",
      "fullTitle": "Validate Controller Module Account Controller should respond to get call",
      "timedOut": false,
      "duration": 1,
      "state": "passed",
      "speed": "fast",
      "pass": true,
      "fail": false,
      "pending": false,
      "code": "chai_1.expect(controller.Get(\"/account\")).to.not.equal(\"Response from Account Controller\");",
      "err": {},
      "isRoot": false,
      "uuid": "9230b5b1-124f-49de-85a6-f06a06e48b12",
      "parentUUID": "797df71f-87e9-4e87-9cf7-63d948c5b200",
      "isHook": false,
      "skipped": false
    },
    {
      "title": "Account Controller should return it's view path",
      "fullTitle": "Validate Controller Module Account Controller should return it's view path",
      "timedOut": false,
      "duration": 1,
      "state": "passed",
      "speed": "fast",
      "pass": true,
      "fail": false,
      "pending": false,
      "code": "chai_1.expect(controller.GetViewPath()).to.contain(controller.NAME.toLowerCase());",
      "err": {},
      "isRoot": false,
      "uuid": "e61907c8-23ce-4d9c-8247-cd80473c55a9",
      "parentUUID": "797df71f-87e9-4e87-9cf7-63d948c5b200",
      "isHook": false,
      "skipped": false
    },
    {
      "title": "Home Controller to be initialized",
      "fullTitle": "Validate Controller Module Home Controller to be initialized",
      "timedOut": false,
      "duration": 0,
      "state": "passed",
      "speed": "fast",
      "pass": true,
      "fail": false,
      "pending": false,
      "code": "chai_1.expect(controller.NAME).to.equal(\"Home\");",
      "err": {},
      "isRoot": false,
      "uuid": "5cc549c5-f740-4982-a624-2d136b8bed89",
      "parentUUID": "b4f657cb-65d5-4036-bc5f-67d815abeaee",
      "isHook": false,
      "skipped": false
    },
    {
      "title": "Home Controller should return it's view path",
      "fullTitle": "Validate Controller Module Home Controller should return it's view path",
      "timedOut": false,
      "duration": 0,
      "state": "passed",
      "speed": "fast",
      "pass": true,
      "fail": false,
      "pending": false,
      "code": "chai_1.expect(controller.GetViewPath()).to.contain(controller.NAME.toLowerCase());",
      "err": {},
      "isRoot": false,
      "uuid": "83fe3c23-6c1b-40c0-87c9-7fcaea3bf7f8",
      "parentUUID": "b4f657cb-65d5-4036-bc5f-67d815abeaee",
      "isHook": false,
      "skipped": false
    },
    {
      "title": "should return a base repository object",
      "fullTitle": "Validate Base Repository should return a base repository object",
      "timedOut": false,
      "duration": 0,
      "state": "passed",
      "speed": "fast",
      "pass": true,
      "fail": false,
      "pending": false,
      "code": "chai_1.expect(repository.Delete(1)).to.equal(true);",
      "err": {},
      "isRoot": false,
      "uuid": "b2792850-87aa-4389-af0f-db40d79eca9d",
      "parentUUID": "d7ead907-3b31-4b5d-8219-7c9e3f3b8244",
      "isHook": false,
      "skipped": false
    },
    {
      "title": "should return a base repository object count",
      "fullTitle": "Validate Base Repository should return a base repository object count",
      "timedOut": false,
      "duration": 1,
      "state": "passed",
      "speed": "fast",
      "pass": true,
      "fail": false,
      "pending": false,
      "code": "chai_1.expect(repository.Count()).to.equal(0);",
      "err": {},
      "isRoot": false,
      "uuid": "e9e8be87-2e5f-439f-bf01-7987078732e9",
      "parentUUID": "d7ead907-3b31-4b5d-8219-7c9e3f3b8244",
      "isHook": false,
      "skipped": false
    },
    {
      "title": "should add a user object to repository",
      "fullTitle": "Validate Base Repository should add a user object to repository",
      "timedOut": false,
      "duration": 1,
      "state": "passed",
      "speed": "fast",
      "pass": true,
      "fail": false,
      "pending": false,
      "code": "const userModel = new userModel_1.UserModule.UserModel();\nuserModel.Id = 1;\nchai_1.expect(repository.Add(userModel)).to.equal(userModel);",
      "err": {},
      "isRoot": false,
      "uuid": "cc933aa6-2805-44a6-8167-4e944609daf5",
      "parentUUID": "d7ead907-3b31-4b5d-8219-7c9e3f3b8244",
      "isHook": false,
      "skipped": false
    },
    {
      "title": "should return a base repository object count of 1",
      "fullTitle": "Validate Base Repository should return a base repository object count of 1",
      "timedOut": false,
      "duration": 0,
      "state": "passed",
      "speed": "fast",
      "pass": true,
      "fail": false,
      "pending": false,
      "code": "chai_1.expect(repository.Count()).to.equal(1);",
      "err": {},
      "isRoot": false,
      "uuid": "7ec02b18-cf6b-499d-aa3e-7a8f183d976a",
      "parentUUID": "d7ead907-3b31-4b5d-8219-7c9e3f3b8244",
      "isHook": false,
      "skipped": false
    },
    {
      "title": "should return an object of type BaseModel",
      "fullTitle": "Validate Base Model should return an object of type BaseModel",
      "timedOut": false,
      "duration": 1,
      "state": "passed",
      "speed": "fast",
      "pass": true,
      "fail": false,
      "pending": false,
      "code": "const modelObject = new baseModel_1.BaseModel();\n// tslint:disable-next-line:no-console\nappLogger.Log(JSON.stringify(modelObject), enums_1.AppEnums.LogType.Object);\nchai_1.expect(modelObject.Active).to.equal(true);",
      "err": {},
      "isRoot": false,
      "uuid": "7860f88d-5275-4551-950f-70538ece9b5a",
      "parentUUID": "409ca257-7a68-408b-8f12-8fd8bffcfb5f",
      "isHook": false,
      "skipped": false
    }
  ],
  "allPending": [],
  "allPasses": [
    {
      "title": "Account Controller to be initialized",
      "fullTitle": "Validate Controller Module Account Controller to be initialized",
      "timedOut": false,
      "duration": 9,
      "state": "passed",
      "speed": "fast",
      "pass": true,
      "fail": false,
      "pending": false,
      "code": "chai_1.expect(controller.NAME).to.equal(\"Account\");",
      "err": {},
      "isRoot": false,
      "uuid": "3a936813-b6da-4fff-bbe3-0a3869809b66",
      "parentUUID": "797df71f-87e9-4e87-9cf7-63d948c5b200",
      "isHook": false,
      "skipped": false
    },
    {
      "title": "Account Controller should respond to get call",
      "fullTitle": "Validate Controller Module Account Controller should respond to get call",
      "timedOut": false,
      "duration": 1,
      "state": "passed",
      "speed": "fast",
      "pass": true,
      "fail": false,
      "pending": false,
      "code": "chai_1.expect(controller.Get(\"/account\")).to.not.equal(\"Response from Account Controller\");",
      "err": {},
      "isRoot": false,
      "uuid": "9230b5b1-124f-49de-85a6-f06a06e48b12",
      "parentUUID": "797df71f-87e9-4e87-9cf7-63d948c5b200",
      "isHook": false,
      "skipped": false
    },
    {
      "title": "Account Controller should return it's view path",
      "fullTitle": "Validate Controller Module Account Controller should return it's view path",
      "timedOut": false,
      "duration": 1,
      "state": "passed",
      "speed": "fast",
      "pass": true,
      "fail": false,
      "pending": false,
      "code": "chai_1.expect(controller.GetViewPath()).to.contain(controller.NAME.toLowerCase());",
      "err": {},
      "isRoot": false,
      "uuid": "e61907c8-23ce-4d9c-8247-cd80473c55a9",
      "parentUUID": "797df71f-87e9-4e87-9cf7-63d948c5b200",
      "isHook": false,
      "skipped": false
    },
    {
      "title": "Home Controller to be initialized",
      "fullTitle": "Validate Controller Module Home Controller to be initialized",
      "timedOut": false,
      "duration": 0,
      "state": "passed",
      "speed": "fast",
      "pass": true,
      "fail": false,
      "pending": false,
      "code": "chai_1.expect(controller.NAME).to.equal(\"Home\");",
      "err": {},
      "isRoot": false,
      "uuid": "5cc549c5-f740-4982-a624-2d136b8bed89",
      "parentUUID": "b4f657cb-65d5-4036-bc5f-67d815abeaee",
      "isHook": false,
      "skipped": false
    },
    {
      "title": "Home Controller should return it's view path",
      "fullTitle": "Validate Controller Module Home Controller should return it's view path",
      "timedOut": false,
      "duration": 0,
      "state": "passed",
      "speed": "fast",
      "pass": true,
      "fail": false,
      "pending": false,
      "code": "chai_1.expect(controller.GetViewPath()).to.contain(controller.NAME.toLowerCase());",
      "err": {},
      "isRoot": false,
      "uuid": "83fe3c23-6c1b-40c0-87c9-7fcaea3bf7f8",
      "parentUUID": "b4f657cb-65d5-4036-bc5f-67d815abeaee",
      "isHook": false,
      "skipped": false
    },
    {
      "title": "should return a base repository object",
      "fullTitle": "Validate Base Repository should return a base repository object",
      "timedOut": false,
      "duration": 0,
      "state": "passed",
      "speed": "fast",
      "pass": true,
      "fail": false,
      "pending": false,
      "code": "chai_1.expect(repository.Delete(1)).to.equal(true);",
      "err": {},
      "isRoot": false,
      "uuid": "b2792850-87aa-4389-af0f-db40d79eca9d",
      "parentUUID": "d7ead907-3b31-4b5d-8219-7c9e3f3b8244",
      "isHook": false,
      "skipped": false
    },
    {
      "title": "should return a base repository object count",
      "fullTitle": "Validate Base Repository should return a base repository object count",
      "timedOut": false,
      "duration": 1,
      "state": "passed",
      "speed": "fast",
      "pass": true,
      "fail": false,
      "pending": false,
      "code": "chai_1.expect(repository.Count()).to.equal(0);",
      "err": {},
      "isRoot": false,
      "uuid": "e9e8be87-2e5f-439f-bf01-7987078732e9",
      "parentUUID": "d7ead907-3b31-4b5d-8219-7c9e3f3b8244",
      "isHook": false,
      "skipped": false
    },
    {
      "title": "should add a user object to repository",
      "fullTitle": "Validate Base Repository should add a user object to repository",
      "timedOut": false,
      "duration": 1,
      "state": "passed",
      "speed": "fast",
      "pass": true,
      "fail": false,
      "pending": false,
      "code": "const userModel = new userModel_1.UserModule.UserModel();\nuserModel.Id = 1;\nchai_1.expect(repository.Add(userModel)).to.equal(userModel);",
      "err": {},
      "isRoot": false,
      "uuid": "cc933aa6-2805-44a6-8167-4e944609daf5",
      "parentUUID": "d7ead907-3b31-4b5d-8219-7c9e3f3b8244",
      "isHook": false,
      "skipped": false
    },
    {
      "title": "should return a base repository object count of 1",
      "fullTitle": "Validate Base Repository should return a base repository object count of 1",
      "timedOut": false,
      "duration": 0,
      "state": "passed",
      "speed": "fast",
      "pass": true,
      "fail": false,
      "pending": false,
      "code": "chai_1.expect(repository.Count()).to.equal(1);",
      "err": {},
      "isRoot": false,
      "uuid": "7ec02b18-cf6b-499d-aa3e-7a8f183d976a",
      "parentUUID": "d7ead907-3b31-4b5d-8219-7c9e3f3b8244",
      "isHook": false,
      "skipped": false
    },
    {
      "title": "should return an object of type BaseModel",
      "fullTitle": "Validate Base Model should return an object of type BaseModel",
      "timedOut": false,
      "duration": 1,
      "state": "passed",
      "speed": "fast",
      "pass": true,
      "fail": false,
      "pending": false,
      "code": "const modelObject = new baseModel_1.BaseModel();\n// tslint:disable-next-line:no-console\nappLogger.Log(JSON.stringify(modelObject), enums_1.AppEnums.LogType.Object);\nchai_1.expect(modelObject.Active).to.equal(true);",
      "err": {},
      "isRoot": false,
      "uuid": "7860f88d-5275-4551-950f-70538ece9b5a",
      "parentUUID": "409ca257-7a68-408b-8f12-8fd8bffcfb5f",
      "isHook": false,
      "skipped": false
    }
  ],
  "allFailures": [],
  "copyrightYear": 2018
}